<?xml version="1.0" encoding="utf-8"?>
<test-run id="2" duration="0.031655" testcasecount="2" total="2" passed="2" failed="0" inconclusive="0" skipped="0" result="Passed" start-time="2020-07-07T 13:31:29Z" end-time="2020-07-07T 13:31:31Z">
  <test-suite type="Assembly" name="NUnitLoggerSampleProject.dll" fullname="/Users/konh/Projects/NUnitLoggerSampleProject/bin/Debug/netcoreapp3.1/NUnitLoggerSampleProject.dll" total="2" passed="2" failed="0" inconclusive="0" skipped="0" result="Passed" duration="0.031655">
    <test-suite type="TestSuite" name="NUnitLoggerSampleProject" fullname="NUnitLoggerSampleProject" total="1" passed="1" failed="0" inconclusive="0" skipped="0" result="Passed" duration="0.00062">
      <test-suite type="TestFixture" name="Tests" fullname="NUnitLoggerSampleProject.Tests" total="1" passed="1" failed="0" inconclusive="0" skipped="0" result="Passed" duration="0.00062">
        <test-case name="ValidCase(0)" fullname="NUnitLoggerSampleProject.Tests.ValidCase(0)" methodname="ValidCase(0)" classname="Tests" result="Passed" duration="0.00062" asserts="0" />
      </test-suite>
    </test-suite>
    <test-suite type="TestSuite" name="UnknownNamespace" fullname="UnknownNamespace" total="1" passed="1" failed="0" inconclusive="0" skipped="0" result="Passed" duration="0.031035">
      <test-suite type="TestFixture" name="UnknownType" fullname="UnknownNamespace.UnknownType" total="1" passed="1" failed="0" inconclusive="0" skipped="0" result="Passed" duration="0.031035">
        <test-case name="InvalidCase((0, 1))" fullname="UnknownNamespace.UnknownType.NUnitLoggerSampleProject.Tests.InvalidCase((0, 1))" methodname="NUnitLoggerSampleProject.Tests.InvalidCase((0, 1))" classname="UnknownType" result="Passed" duration="0.031035" asserts="0" />
      </test-suite>
    </test-suite>
    <errors />
  </test-suite>
</test-run>